<?xml version="1.0" encoding="UTF-8"?>
<!-- Generated by org.testng.reporters.JUnitXMLReporter -->
<testsuite ignored="0" hostname="LAPTOP-VF76MSPC" failures="0" tests="3" name="LoginwithValidcredentials" time="5.244" errors="0" timestamp="2024-01-29T00:59:10 IST">
  <testcase classname="seleniumframework.testcases.Logintestcases" name="validcredentialTestcaseOne" time="0.014"/>
  <testcase classname="seleniumframework.testcases.Logintestcases" name="validcredentialTestcasethree" time="1.329"/>
  <testcase classname="seleniumframework.testcases.Logintestcases" name="validcredentialTestcasetwo" time="3.771"/>
</testsuite> <!-- LoginwithValidcredentials -->
