<?xml version="1.0" encoding="UTF-8"?>
<!-- Generated by org.testng.reporters.JUnitXMLReporter -->
<testsuite ignored="0" hostname="LAPTOP-VF76MSPC" failures="1" tests="3" name="LoginwithValidcredentials" time="4.972" errors="0" timestamp="2024-02-04T21:02:39 IST">
  <testcase classname="seleniumframework.testcases.Logintestcases" name="validcredentialTestcaseOne" time="0.013">
    <failure type="java.lang.IllegalArgumentException" message="Cannot find elements when the XPath is null.">
      <![CDATA[java.lang.IllegalArgumentException: Cannot find elements when the XPath is null.
at org.openqa.selenium.internal.Require$ArgumentChecker.nonNull(Require.java:207)
at org.openqa.selenium.By$ByXPath.<init>(By.java:286)
at org.openqa.selenium.By.xpath(By.java:89)
at seleniumframework.testcases.Logintestcases.validcredentialTestcaseOne(Logintestcases.java:29)
at java.base/java.util.ArrayList.forEach(ArrayList.java:1511)
... Removed 27 stack frames]]>
    </failure>
  </testcase> <!-- validcredentialTestcaseOne -->
  <testcase classname="seleniumframework.testcases.Logintestcases" name="validcredentialTestcasethree" time="1.097"/>
  <testcase classname="seleniumframework.testcases.Logintestcases" name="validcredentialTestcasetwo" time="3.057"/>
</testsuite> <!-- LoginwithValidcredentials -->
