<?xml version="1.0" encoding="UTF-8"?>
<testng-results ignored="0" total="3" passed="3" failed="0" skipped="0">
  <reporter-output>
  </reporter-output>
  <suite started-at="2024-01-29T00:59:05 IST" name="Suite" finished-at="2024-01-29T00:59:10 IST" duration-ms="5244">
    <groups>
      <group name="P0">
        <method signature="Logintestcases.validcredentialTestcaseOne(java.lang.reflect.Method)[pri:0, instance:seleniumframework.testcases.Logintestcases@74e28667]" name="validcredentialTestcaseOne" class="seleniumframework.testcases.Logintestcases"/>
        <method signature="Logintestcases.validcredentialTestcasethree()[pri:0, instance:seleniumframework.testcases.Logintestcases@74e28667]" name="validcredentialTestcasethree" class="seleniumframework.testcases.Logintestcases"/>
      </group> <!-- P0 -->
      <group name="P1">
        <method signature="Logintestcases.validcredentialTestcasetwo()[pri:1, instance:seleniumframework.testcases.Logintestcases@74e28667]" name="validcredentialTestcasetwo" class="seleniumframework.testcases.Logintestcases"/>
      </group> <!-- P1 -->
    </groups>
    <test started-at="2024-01-29T00:59:05 IST" name="LoginwithValidcredentials" finished-at="2024-01-29T00:59:10 IST" duration-ms="5244">
      <class name="seleniumframework.testcases.Logintestcases">
        <test-method is-config="true" signature="setup()[pri:0, instance:seleniumframework.testcases.Logintestcases@74e28667]" started-at="2024-01-29T00:58:54 IST" name="setup" finished-at="2024-01-29T00:59:05 IST" duration-ms="11221" status="PASS">
          <reporter-output>
          </reporter-output>
        </test-method> <!-- setup -->
        <test-method signature="validcredentialTestcaseOne(java.lang.reflect.Method)[pri:0, instance:seleniumframework.testcases.Logintestcases@74e28667]" started-at="2024-01-29T00:59:05 IST" name="validcredentialTestcaseOne" finished-at="2024-01-29T00:59:05 IST" duration-ms="14" status="PASS">
          <params>
            <param index="0">
              <value>
                <![CDATA[public void seleniumframework.testcases.Logintestcases.validcredentialTestcaseOne(java.lang.reflect.Method)]]>
              </value>
            </param>
          </params>
          <reporter-output>
          </reporter-output>
        </test-method> <!-- validcredentialTestcaseOne -->
        <test-method signature="validcredentialTestcasethree()[pri:0, instance:seleniumframework.testcases.Logintestcases@74e28667]" started-at="2024-01-29T00:59:05 IST" name="validcredentialTestcasethree" finished-at="2024-01-29T00:59:06 IST" duration-ms="1329" status="PASS">
          <reporter-output>
          </reporter-output>
        </test-method> <!-- validcredentialTestcasethree -->
        <test-method signature="validcredentialTestcasetwo()[pri:1, instance:seleniumframework.testcases.Logintestcases@74e28667]" started-at="2024-01-29T00:59:06 IST" name="validcredentialTestcasetwo" finished-at="2024-01-29T00:59:10 IST" duration-ms="3771" status="PASS">
          <reporter-output>
          </reporter-output>
        </test-method> <!-- validcredentialTestcasetwo -->
      </class> <!-- seleniumframework.testcases.Logintestcases -->
    </test> <!-- LoginwithValidcredentials -->
  </suite> <!-- Suite -->
</testng-results>
